<?xml version="1.0" encoding="UTF-8"?>
<!-- Generated by org.testng.reporters.JUnitXMLReporter -->
<testsuite hostname="ArunArvind" ignored="0" name="Test" tests="3" failures="0" timestamp="19 Nov 2021 05:41:37 GMT" time="0.037" errors="0">
  <testcase name="Women" time="0.004" classname="com.testng.Simple_Annotations_Example"/>
  <testcase name="dress" time="0.001" classname="com.testng.Simple_Annotations_Example"/>
  <testcase name="mens" time="0.001" classname="com.testng.Simple_Annotations_Example"/>
</testsuite> <!-- Test -->
