<?xml version="1.0" encoding="UTF-8"?>
<testng-results skipped="0" failed="0" ignored="0" total="2" passed="2">
  <reporter-output>
  </reporter-output>
  <suite name="Suite" duration-ms="46" started-at="2021-11-26T10:09:06 IST" finished-at="2021-11-26T10:09:06 IST">
    <groups>
    </groups>
    <test name="Test" duration-ms="46" started-at="2021-11-26T10:09:06 IST" finished-at="2021-11-26T10:09:06 IST">
      <class name="com.annotation.Demo_Class">
        <test-method status="PASS" signature="pass()[pri:0, instance:com.annotation.Demo_Class@11438d26]" name="pass" duration-ms="8" started-at="2021-11-26T10:09:06 IST" finished-at="2021-11-26T10:09:06 IST">
          <reporter-output>
          </reporter-output>
        </test-method> <!-- pass -->
        <test-method status="PASS" signature="username()[pri:0, instance:com.annotation.Demo_Class@11438d26]" name="username" duration-ms="1" started-at="2021-11-26T10:09:06 IST" finished-at="2021-11-26T10:09:06 IST">
          <reporter-output>
          </reporter-output>
        </test-method> <!-- username -->
      </class> <!-- com.annotation.Demo_Class -->
    </test> <!-- Test -->
  </suite> <!-- Suite -->
</testng-results>
